{"C:\\Users\\Inteli\\Desktop\\Inteli\\Módulo 2\\cheatSheet\\CheatSheetExtra\\config\\blueprints.js":{"path":"C:\\Users\\Inteli\\Desktop\\Inteli\\Módulo 2\\cheatSheet\\CheatSheetExtra\\config\\blueprints.js","statementMap":{"0":{"start":{"line":12,"column":0},"end":{"line":41,"column":2}}},"fnMap":{},"branchMap":{},"s":{"0":1},"f":{},"b":{},"_coverageSchema":"1a1c01bbd47fc00a2c39e90264f33305004495a9","hash":"6ddbb6f8d565481cf35df70197d8b33909b46d3c","contentHash":"382e70e167451b3411c7a5e0f5ca34e3fc4afa86531f44b80831ad5ef7bf4dac"},"C:\\Users\\Inteli\\Desktop\\Inteli\\Módulo 2\\cheatSheet\\CheatSheetExtra\\config\\bootstrap.js":{"path":"C:\\Users\\Inteli\\Desktop\\Inteli\\Módulo 2\\cheatSheet\\CheatSheetExtra\\config\\bootstrap.js","statementMap":{"0":{"start":{"line":12,"column":0},"end":{"line":30,"column":2}}},"fnMap":{"0":{"name":"(anonymous_0)","decl":{"start":{"line":12,"column":27},"end":{"line":12,"column":28}},"loc":{"start":{"line":12,"column":44},"end":{"line":30,"column":1}},"line":12}},"branchMap":{},"s":{"0":1},"f":{"0":1},"b":{},"_coverageSchema":"1a1c01bbd47fc00a2c39e90264f33305004495a9","hash":"417a3fe1915cfe0c91d4338ecd1eadce3313a597","contentHash":"18f9ad21cac60142be573f0ae0b6951bfa9751bfa1b8856dd066faa70b43e3e5"},"C:\\Users\\Inteli\\Desktop\\Inteli\\Módulo 2\\cheatSheet\\CheatSheetExtra\\config\\custom.js":{"path":"C:\\Users\\Inteli\\Desktop\\Inteli\\Módulo 2\\cheatSheet\\CheatSheetExtra\\config\\custom.js","statementMap":{"0":{"start":{"line":11,"column":0},"end":{"line":22,"column":2}}},"fnMap":{},"branchMap":{},"s":{"0":1},"f":{},"b":{},"_coverageSchema":"1a1c01bbd47fc00a2c39e90264f33305004495a9","hash":"3e987a45894c21d3f9144ac3684d9702647449e7","contentHash":"eccb31df2864a829547eb38f7e80acf29c8621554b274306fafa1be8f2f9302f"},"C:\\Users\\Inteli\\Desktop\\Inteli\\Módulo 2\\cheatSheet\\CheatSheetExtra\\config\\datastores.js":{"path":"C:\\Users\\Inteli\\Desktop\\Inteli\\Módulo 2\\cheatSheet\\CheatSheetExtra\\config\\datastores.js","statementMap":{"0":{"start":{"line":16,"column":0},"end":{"line":57,"column":2}}},"fnMap":{},"branchMap":{},"s":{"0":1},"f":{},"b":{},"_coverageSchema":"1a1c01bbd47fc00a2c39e90264f33305004495a9","hash":"e74fb90474b13002b4c3ccbae28be22308a1ae9f","contentHash":"08af49fce0689a693da1eb6e9ca694c76772325d0a8e213932942e723b072289"},"C:\\Users\\Inteli\\Desktop\\Inteli\\Módulo 2\\cheatSheet\\CheatSheetExtra\\config\\globals.js":{"path":"C:\\Users\\Inteli\\Desktop\\Inteli\\Módulo 2\\cheatSheet\\CheatSheetExtra\\config\\globals.js","statementMap":{"0":{"start":{"line":12,"column":0},"end":{"line":52,"column":2}}},"fnMap":{},"branchMap":{},"s":{"0":1},"f":{},"b":{},"_coverageSchema":"1a1c01bbd47fc00a2c39e90264f33305004495a9","hash":"2a13dd815dfb6906894da095f7b5daae60361b49","contentHash":"100d341f6580efeef2a9b91031404970aadfc78e63d5ba33aa0e529cb5ddbaa5"},"C:\\Users\\Inteli\\Desktop\\Inteli\\Módulo 2\\cheatSheet\\CheatSheetExtra\\config\\http.js":{"path":"C:\\Users\\Inteli\\Desktop\\Inteli\\Módulo 2\\cheatSheet\\CheatSheetExtra\\config\\http.js","statementMap":{"0":{"start":{"line":12,"column":0},"end":{"line":60,"column":2}}},"fnMap":{},"branchMap":{},"s":{"0":1},"f":{},"b":{},"_coverageSchema":"1a1c01bbd47fc00a2c39e90264f33305004495a9","hash":"a30c865bb00a4585520ccfd9de1be0fc43d3fe36","contentHash":"c7d5a96098a1160649e1c2ebcf1f33e57d65e54376b19e5bb025fe51b45a2134"},"C:\\Users\\Inteli\\Desktop\\Inteli\\Módulo 2\\cheatSheet\\CheatSheetExtra\\config\\i18n.js":{"path":"C:\\Users\\Inteli\\Desktop\\Inteli\\Módulo 2\\cheatSheet\\CheatSheetExtra\\config\\i18n.js","statementMap":{"0":{"start":{"line":15,"column":0},"end":{"line":45,"column":2}}},"fnMap":{},"branchMap":{},"s":{"0":1},"f":{},"b":{},"_coverageSchema":"1a1c01bbd47fc00a2c39e90264f33305004495a9","hash":"47a92145873f10a5ed20e0f31d9318de69a7a3eb","contentHash":"2b5a22efbb3debf0d654d514b34971c547990e2d13c2aeb1a3e8833b9d0e9d78"},"C:\\Users\\Inteli\\Desktop\\Inteli\\Módulo 2\\cheatSheet\\CheatSheetExtra\\config\\log.js":{"path":"C:\\Users\\Inteli\\Desktop\\Inteli\\Módulo 2\\cheatSheet\\CheatSheetExtra\\config\\log.js","statementMap":{"0":{"start":{"line":13,"column":0},"end":{"line":29,"column":2}}},"fnMap":{},"branchMap":{},"s":{"0":1},"f":{},"b":{},"_coverageSchema":"1a1c01bbd47fc00a2c39e90264f33305004495a9","hash":"b5c85bbf60b7a56071806c070ffa71b7a4c280d1","contentHash":"00d8be8b65be61a0fc9c3610945cb23bdb30d21e83fc1aab0f3e6de17c6d8a83"},"C:\\Users\\Inteli\\Desktop\\Inteli\\Módulo 2\\cheatSheet\\CheatSheetExtra\\config\\models.js":{"path":"C:\\Users\\Inteli\\Desktop\\Inteli\\Módulo 2\\cheatSheet\\CheatSheetExtra\\config\\models.js","statementMap":{"0":{"start":{"line":16,"column":0},"end":{"line":124,"column":2}}},"fnMap":{},"branchMap":{},"s":{"0":1},"f":{},"b":{},"_coverageSchema":"1a1c01bbd47fc00a2c39e90264f33305004495a9","hash":"1ec82b9c4ad6a7a0f7e46c89d34c8ec39f96456f","contentHash":"8bc1fe647bfb03c6683a3394110ee93bc3f4eb34fdc666d1a52c611e8b551e0d"},"C:\\Users\\Inteli\\Desktop\\Inteli\\Módulo 2\\cheatSheet\\CheatSheetExtra\\config\\policies.js":{"path":"C:\\Users\\Inteli\\Desktop\\Inteli\\Módulo 2\\cheatSheet\\CheatSheetExtra\\config\\policies.js","statementMap":{"0":{"start":{"line":11,"column":0},"end":{"line":22,"column":2}}},"fnMap":{},"branchMap":{},"s":{"0":1},"f":{},"b":{},"_coverageSchema":"1a1c01bbd47fc00a2c39e90264f33305004495a9","hash":"c8ce12f89c41905c675023ce836aa068c89ef989","contentHash":"b92d80ffcbcbfd4d08fcebc2c7240cb04422f3bbeb876ecfb53b2d3f7b10599f"},"C:\\Users\\Inteli\\Desktop\\Inteli\\Módulo 2\\cheatSheet\\CheatSheetExtra\\config\\routes.js":{"path":"C:\\Users\\Inteli\\Desktop\\Inteli\\Módulo 2\\cheatSheet\\CheatSheetExtra\\config\\routes.js","statementMap":{"0":{"start":{"line":11,"column":0},"end":{"line":44,"column":2}}},"fnMap":{},"branchMap":{},"s":{"0":1},"f":{},"b":{},"_coverageSchema":"1a1c01bbd47fc00a2c39e90264f33305004495a9","hash":"eb449e7c6b81773ee648ea41095ed20f61b3f7ee","contentHash":"84bf7706d63b0c0c7ace09525b4b48846c75380ce782c5c79478668e1d16ebc6"},"C:\\Users\\Inteli\\Desktop\\Inteli\\Módulo 2\\cheatSheet\\CheatSheetExtra\\config\\security.js":{"path":"C:\\Users\\Inteli\\Desktop\\Inteli\\Módulo 2\\cheatSheet\\CheatSheetExtra\\config\\security.js","statementMap":{"0":{"start":{"line":16,"column":0},"end":{"line":54,"column":2}}},"fnMap":{},"branchMap":{},"s":{"0":1},"f":{},"b":{},"_coverageSchema":"1a1c01bbd47fc00a2c39e90264f33305004495a9","hash":"86a383c05631d37fa8dc36396134b105b246f755","contentHash":"31b0574d317facae329ef318366e124de409d40d0f76d91078811dbf3ca0d6d4"},"C:\\Users\\Inteli\\Desktop\\Inteli\\Módulo 2\\cheatSheet\\CheatSheetExtra\\config\\session.js":{"path":"C:\\Users\\Inteli\\Desktop\\Inteli\\Módulo 2\\cheatSheet\\CheatSheetExtra\\config\\session.js","statementMap":{"0":{"start":{"line":12,"column":0},"end":{"line":39,"column":2}}},"fnMap":{},"branchMap":{},"s":{"0":1},"f":{},"b":{},"_coverageSchema":"1a1c01bbd47fc00a2c39e90264f33305004495a9","hash":"8a21d59d94d9ec16cc18e8b8996d030abb6cfc70","contentHash":"5a705892959231ca6c7550cfe6bceacd67a1a2ad828b0fff9c68c7f2d98d2243"},"C:\\Users\\Inteli\\Desktop\\Inteli\\Módulo 2\\cheatSheet\\CheatSheetExtra\\config\\sockets.js":{"path":"C:\\Users\\Inteli\\Desktop\\Inteli\\Módulo 2\\cheatSheet\\CheatSheetExtra\\config\\sockets.js","statementMap":{"0":{"start":{"line":12,"column":0},"end":{"line":82,"column":2}}},"fnMap":{},"branchMap":{},"s":{"0":1},"f":{},"b":{},"_coverageSchema":"1a1c01bbd47fc00a2c39e90264f33305004495a9","hash":"84bb3eb95b9fd4317c91f5d092b6ef5695d24787","contentHash":"a41c37a5c66b583324d533cd40fba41dab20c5d3a02e9eb33bccbf3aba20d94d"},"C:\\Users\\Inteli\\Desktop\\Inteli\\Módulo 2\\cheatSheet\\CheatSheetExtra\\config\\views.js":{"path":"C:\\Users\\Inteli\\Desktop\\Inteli\\Módulo 2\\cheatSheet\\CheatSheetExtra\\config\\views.js","statementMap":{"0":{"start":{"line":17,"column":0},"end":{"line":41,"column":2}}},"fnMap":{},"branchMap":{},"s":{"0":1},"f":{},"b":{},"_coverageSchema":"1a1c01bbd47fc00a2c39e90264f33305004495a9","hash":"a9ec6653ab72526cabb8fd4bd96c1424d0afd13c","contentHash":"2b8fae01f8de5a9918a38540cbe6fcaafffc2c5fa6a092311a2adf27658b0b6f"},"C:\\Users\\Inteli\\Desktop\\Inteli\\Módulo 2\\cheatSheet\\CheatSheetExtra\\api\\models\\Product.js":{"path":"C:\\Users\\Inteli\\Desktop\\Inteli\\Módulo 2\\cheatSheet\\CheatSheetExtra\\api\\models\\Product.js","statementMap":{"0":{"start":{"line":8,"column":0},"end":{"line":25,"column":2}}},"fnMap":{},"branchMap":{},"s":{"0":1},"f":{},"b":{},"_coverageSchema":"1a1c01bbd47fc00a2c39e90264f33305004495a9","hash":"dec40678704f41a0423becec7d9b58131dfcbc0f","contentHash":"2d3fadcfd8bdb342a8704dcc7c29a6fb25770a95f506cc892538d74b02bb8fe4"},"C:\\Users\\Inteli\\Desktop\\Inteli\\Módulo 2\\cheatSheet\\CheatSheetExtra\\api\\controllers\\ProductController.js":{"path":"C:\\Users\\Inteli\\Desktop\\Inteli\\Módulo 2\\cheatSheet\\CheatSheetExtra\\api\\controllers\\ProductController.js","statementMap":{"0":{"start":{"line":8,"column":0},"end":{"line":75,"column":2}},"1":{"start":{"line":10,"column":4},"end":{"line":22,"column":5}},"2":{"start":{"line":11,"column":43},"end":{"line":11,"column":58}},"3":{"start":{"line":13,"column":25},"end":{"line":17,"column":16}},"4":{"start":{"line":19,"column":6},"end":{"line":19,"column":34}},"5":{"start":{"line":21,"column":6},"end":{"line":21,"column":52}},"6":{"start":{"line":26,"column":4},"end":{"line":31,"column":5}},"7":{"start":{"line":27,"column":23},"end":{"line":27,"column":43}},"8":{"start":{"line":28,"column":6},"end":{"line":28,"column":32}},"9":{"start":{"line":30,"column":6},"end":{"line":30,"column":52}},"10":{"start":{"line":35,"column":4},"end":{"line":44,"column":5}},"11":{"start":{"line":36,"column":24},"end":{"line":36,"column":39}},"12":{"start":{"line":37,"column":22},"end":{"line":37,"column":62}},"13":{"start":{"line":38,"column":6},"end":{"line":40,"column":7}},"14":{"start":{"line":39,"column":8},"end":{"line":39,"column":65}},"15":{"start":{"line":41,"column":6},"end":{"line":41,"column":31}},"16":{"start":{"line":43,"column":6},"end":{"line":43,"column":52}},"17":{"start":{"line":48,"column":4},"end":{"line":60,"column":5}},"18":{"start":{"line":49,"column":24},"end":{"line":49,"column":39}},"19":{"start":{"line":50,"column":6},"end":{"line":50,"column":56}},"20":{"start":{"line":51,"column":29},"end":{"line":51,"column":85}},"21":{"start":{"line":53,"column":6},"end":{"line":55,"column":7}},"22":{"start":{"line":54,"column":8},"end":{"line":54,"column":65}},"23":{"start":{"line":57,"column":6},"end":{"line":57,"column":38}},"24":{"start":{"line":59,"column":6},"end":{"line":59,"column":52}},"25":{"start":{"line":64,"column":4},"end":{"line":73,"column":5}},"26":{"start":{"line":65,"column":24},"end":{"line":65,"column":39}},"27":{"start":{"line":66,"column":29},"end":{"line":66,"column":72}},"28":{"start":{"line":67,"column":6},"end":{"line":69,"column":7}},"29":{"start":{"line":68,"column":8},"end":{"line":68,"column":65}},"30":{"start":{"line":70,"column":6},"end":{"line":70,"column":38}},"31":{"start":{"line":72,"column":6},"end":{"line":72,"column":52}}},"fnMap":{"0":{"name":"(anonymous_0)","decl":{"start":{"line":9,"column":10},"end":{"line":9,"column":11}},"loc":{"start":{"line":9,"column":36},"end":{"line":23,"column":3}},"line":9},"1":{"name":"(anonymous_1)","decl":{"start":{"line":25,"column":8},"end":{"line":25,"column":9}},"loc":{"start":{"line":25,"column":34},"end":{"line":32,"column":3}},"line":25},"2":{"name":"(anonymous_2)","decl":{"start":{"line":34,"column":11},"end":{"line":34,"column":12}},"loc":{"start":{"line":34,"column":37},"end":{"line":45,"column":3}},"line":34},"3":{"name":"(anonymous_3)","decl":{"start":{"line":47,"column":10},"end":{"line":47,"column":11}},"loc":{"start":{"line":47,"column":36},"end":{"line":61,"column":3}},"line":47},"4":{"name":"(anonymous_4)","decl":{"start":{"line":63,"column":10},"end":{"line":63,"column":11}},"loc":{"start":{"line":63,"column":36},"end":{"line":74,"column":3}},"line":63}},"branchMap":{"0":{"loc":{"start":{"line":38,"column":6},"end":{"line":40,"column":7}},"type":"if","locations":[{"start":{"line":38,"column":6},"end":{"line":40,"column":7}},{"start":{},"end":{}}],"line":38},"1":{"loc":{"start":{"line":53,"column":6},"end":{"line":55,"column":7}},"type":"if","locations":[{"start":{"line":53,"column":6},"end":{"line":55,"column":7}},{"start":{},"end":{}}],"line":53},"2":{"loc":{"start":{"line":67,"column":6},"end":{"line":69,"column":7}},"type":"if","locations":[{"start":{"line":67,"column":6},"end":{"line":69,"column":7}},{"start":{},"end":{}}],"line":67}},"s":{"0":1,"1":1,"2":1,"3":1,"4":1,"5":0,"6":1,"7":1,"8":1,"9":0,"10":2,"11":2,"12":2,"13":2,"14":1,"15":1,"16":0,"17":1,"18":1,"19":1,"20":1,"21":1,"22":0,"23":1,"24":0,"25":1,"26":1,"27":1,"28":1,"29":0,"30":1,"31":0},"f":{"0":1,"1":1,"2":2,"3":1,"4":1},"b":{"0":[1,1],"1":[0,1],"2":[0,1]},"_coverageSchema":"1a1c01bbd47fc00a2c39e90264f33305004495a9","hash":"46f8240065bab35b601ef978c229e08196f7c7b9","contentHash":"10521e109c534c5e7c31e0bb0d07f1090b11b00c4014228df0e6ef32f4a2a898"}}